2024-07-10 17:44:35,855 - __main__ - DEBUG - Create Table Query: 
	IF NOT EXISTS (SELECT * FROM sys.tables WHERE name = 'AA_DENEME')
            BEGIN
                CREATE TABLE AA_DENEME (
                     [UEVCB_ID] [int] NULL, [POWERPLANT] [nvarchar] (100) NULL, [METEOLOGICA_NAME] [nvarchar] (100) NULL, [METEOLOGICA_MODEL] [nvarchar] (100) NULL, [ENERCAST_NAME] [nvarchar] (100) NULL, [ENERCAST_ASSET_NAME] [nvarchar] (100) NULL, [ENERCAST_CONFIG_NAME] [nvarchar] (100) NULL, [AEOLIS_NAME] [nvarchar] (100) NULL, [ALGOPOLY_NAME] [nvarchar] (100) NULL, [RHG_NAME] [nvarchar] (100) NULL, [RHG_MODEL] [nvarchar] (100) NULL, [TYPE] [nvarchar] (100) NULL, [LAT] [decimal] (10, 2) NULL, [LON] [decimal] (10, 2) NULL, [ELEVATION] [int] NULL, [PRESSURE_LEVEL] [int] NULL, [HUB_HEIGHT] [int] NULL, [MAX_POWER] [decimal] (10, 2) NULL
                );
            END;
            
2024-07-10 17:45:02,348 - __main__ - INFO - Insert Data Query: 
INSERT INTO [AA_DENEME] ( [UEVCB_ID], [POWERPLANT], [METEOLOGICA_NAME], [METEOLOGICA_MODEL], [ENERCAST_NAME], [ENERCAST_ASSET_NAME], [ENERCAST_CONFIG_NAME], [AEOLIS_NAME], [ALGOPOLY_NAME], [RHG_NAME], [RHG_MODEL], [TYPE], [LAT], [LON], [ELEVATION], [PRESSURE_LEVEL], [HUB_HEIGHT], [MAX_POWER])
                    VALUES ( ?, ?, ?, ?, ?, ?, ?, ?, ?, ?, ?, ?, ?, ?, ?, ?, ?, ?);
Inserted Data: 
[3213671, 'ARISU GES', 'Boydak_PV_AriSu_PV', 'aggregated', 'Van_Arisu_GES', 'Default', 'Day-ahead TR', 'TKSARISU', 'ARISU_GES', 'arisu_ges', 'arisu_ges_open_meteo_models_cat', 'GES', 38.62, 43.23, 1669, 850, 0, 45.0]
2024-07-10 17:45:02,464 - __main__ - INFO - Insert Data Query: 
INSERT INTO [AA_DENEME] ( [UEVCB_ID], [POWERPLANT], [METEOLOGICA_NAME], [METEOLOGICA_MODEL], [ENERCAST_NAME], [ENERCAST_ASSET_NAME], [ENERCAST_CONFIG_NAME], [AEOLIS_NAME], [ALGOPOLY_NAME], [RHG_NAME], [RHG_MODEL], [TYPE], [LAT], [LON], [ELEVATION], [PRESSURE_LEVEL], [HUB_HEIGHT], [MAX_POWER])
                    VALUES ( ?, ?, ?, ?, ?, ?, ?, ?, ?, ?, ?, ?, ?, ?, ?, ?, ?, ?);
Inserted Data: 
[3214954, 'BÜYÜKALAN 1 GES', 'Boydak_PV_Buyukalan_1', 'aggregated', 'Akseki_Buyukalan_GES', 'Default', 'Day-ahead TR', 'TKSAKSEK', 'BUYUKALAN_GES', 'buyukalan_1_ges', 'buyukalan_1_ges_open_meteo_models_cat', 'GES', 37.0, 31.74, 1024, 900, 0, 23.4]
2024-07-10 17:45:02,576 - __main__ - INFO - Insert Data Query: 
INSERT INTO [AA_DENEME] ( [UEVCB_ID], [POWERPLANT], [METEOLOGICA_NAME], [METEOLOGICA_MODEL], [ENERCAST_NAME], [ENERCAST_ASSET_NAME], [ENERCAST_CONFIG_NAME], [AEOLIS_NAME], [ALGOPOLY_NAME], [RHG_NAME], [RHG_MODEL], [TYPE], [LAT], [LON], [ELEVATION], [PRESSURE_LEVEL], [HUB_HEIGHT], [MAX_POWER])
                    VALUES ( ?, ?, ?, ?, ?, ?, ?, ?, ?, ?, ?, ?, ?, ?, ?, ?, ?, ?);
Inserted Data: 
[3214013, 'ÖMERLÝ RES', 'Boydak_Omerli', 'aggregated', 'Omerli_RES', 'Default', 'Day-ahead TR', 'TKWOMRLI', 'OMERLI_RES', 'omerli_res', 'omerli_res_open_meteo_multi_mto_prod_cat', 'RES', 41.12, 28.63, 137, 1000, 100, 100.0]
2024-07-10 17:45:02,679 - __main__ - INFO - Insert Data Query: 
INSERT INTO [AA_DENEME] ( [UEVCB_ID], [POWERPLANT], [METEOLOGICA_NAME], [METEOLOGICA_MODEL], [ENERCAST_NAME], [ENERCAST_ASSET_NAME], [ENERCAST_CONFIG_NAME], [AEOLIS_NAME], [ALGOPOLY_NAME], [RHG_NAME], [RHG_MODEL], [TYPE], [LAT], [LON], [ELEVATION], [PRESSURE_LEVEL], [HUB_HEIGHT], [MAX_POWER])
                    VALUES ( ?, ?, ?, ?, ?, ?, ?, ?, ?, ?, ?, ?, ?, ?, ?, ?, ?, ?);
Inserted Data: 
[3213570, 'SÝBEL RES', 'Boydak_Sibel', 'aggregated', 'Sibel_RES', 'Default', 'Day-ahead TR', 'TKWSIBEL', 'SIBEL_RES', 'sibel_res', 'sibel_res_open_meteo_multi_mto_prod_cat', 'RES', 38.54, 27.33, 709, 925, 120, 86.37]
2024-07-10 17:45:02,785 - __main__ - INFO - Insert Data Query: 
INSERT INTO [AA_DENEME] ( [UEVCB_ID], [POWERPLANT], [METEOLOGICA_NAME], [METEOLOGICA_MODEL], [ENERCAST_NAME], [ENERCAST_ASSET_NAME], [ENERCAST_CONFIG_NAME], [AEOLIS_NAME], [ALGOPOLY_NAME], [RHG_NAME], [RHG_MODEL], [TYPE], [LAT], [LON], [ELEVATION], [PRESSURE_LEVEL], [HUB_HEIGHT], [MAX_POWER])
                    VALUES ( ?, ?, ?, ?, ?, ?, ?, ?, ?, ?, ?, ?, ?, ?, ?, ?, ?, ?);
Inserted Data: 
[1398638, 'ÇANTA RES', 'Boydak_Canta_', 'aggregated', 'Canta_RES', 'Default', 'Day-ahead TR', 'TKWCANTA', 'CANTA_RES', 'canta_res', 'canta_res_open_meteo_multi_mto_prod_cat', 'RES', 41.08, 28.08, 88, 1000, 100, 50.0]
